<?xml version="1.0" encoding="UTF-8"?>
<!-- Generated by org.testng.reporters.JUnitReportReporter -->
<testsuite hostname="LAPTOP-84D7O3F5" failures="0" tests="8" name="com.qa.SpotifyAPI.SpotifyApi" time="4.930" errors="0" timestamp="2022-08-22T17:10:25 IST" skipped="0">
  <testcase classname="com.qa.SpotifyAPI.SpotifyApi" name="get_Current_UserProfile" time="2.201"/>
  <system-out/>
  <testcase classname="com.qa.SpotifyAPI.SpotifyApi" name="get_Users_Profile" time="0.232"/>
  <system-out/>
  <testcase classname="com.qa.SpotifyAPI.SpotifyApi" name="playlist_Creation" time="0.390"/>
  <system-out/>
  <testcase classname="com.qa.SpotifyAPI.SpotifyApi" name="changePlaylistDetails" time="0.291"/>
  <system-out/>
  <testcase classname="com.qa.SpotifyAPI.SpotifyApi" name="addItemstoPlaylist" time="0.441"/>
  <system-out/>
  <testcase classname="com.qa.SpotifyAPI.SpotifyApi" name="playlist_Get_CurrentUser_Playlist" time="0.765"/>
  <system-out/>
  <testcase classname="com.qa.SpotifyAPI.SpotifyApi" name="playlist_Get_Playlist_Item" time="0.331"/>
  <system-out/>
  <testcase classname="com.qa.SpotifyAPI.SpotifyApi" name="Remove_Playlist_Items" time="0.279"/>
  <system-out/>
</testsuite> <!-- com.qa.SpotifyAPI.SpotifyApi -->
