<?xml version="1.0" encoding="UTF-8"?>
<!-- Generated by org.testng.reporters.JUnitReportReporter -->
<testsuite hostname="LAPTOP-84D7O3F5" failures="0" tests="4" name="com.qa.restassured.RestApi" time="1.356" errors="0" timestamp="2022-08-22T17:14:48 IST" skipped="0">
  <testcase classname="com.qa.restassured.RestApi" name="getTest_Posts" time="1.194"/>
  <system-out/>
  <testcase classname="com.qa.restassured.RestApi" name="postTest_Posts" time="0.082"/>
  <system-out/>
  <testcase classname="com.qa.restassured.RestApi" name="putTest_Posts" time="0.046"/>
  <system-out/>
  <testcase classname="com.qa.restassured.RestApi" name="deleteTest_Posts" time="0.034"/>
  <system-out/>
</testsuite> <!-- com.qa.restassured.RestApi -->
